<?xml version="1.0" encoding="UTF-8"?>
<testng-results ignored="0" total="1" passed="1" failed="0" skipped="0">
  <reporter-output>
  </reporter-output>
  <suite started-at="2023-06-08T16:47:01 IST" name="Default suite" finished-at="2023-06-08T16:47:31 IST" duration-ms="29847">
    <groups>
      <group name="cucumber">
        <method signature="AbstractTestNGCucumberTests.runScenario(io.cucumber.testng.PickleWrapper,io.cucumber.testng.FeatureWrapper)[pri:0, instance:testrunner.Checkout_TestRunner_Excel@1c5920df]" name="runScenario" class="io.cucumber.testng.AbstractTestNGCucumberTests"/>
      </group> <!-- cucumber -->
    </groups>
    <test started-at="2023-06-08T16:47:01 IST" name="Default test" finished-at="2023-06-08T16:47:31 IST" duration-ms="29847">
      <class name="testrunner.Checkout_TestRunner_Excel">
        <test-method is-config="true" signature="setUpClass(org.testng.ITestContext)[pri:0, instance:testrunner.Checkout_TestRunner_Excel@1c5920df]" started-at="2023-06-08T16:47:01 IST" name="setUpClass" finished-at="2023-06-08T16:47:02 IST" duration-ms="572" status="PASS">
          <params>
            <param index="0">
              <value>
                <![CDATA[org.testng.TestRunner@4981d95b]]>
              </value>
            </param>
          </params>
          <reporter-output>
          </reporter-output>
        </test-method> <!-- setUpClass -->
        <test-method signature="runScenario(io.cucumber.testng.PickleWrapper,io.cucumber.testng.FeatureWrapper)[pri:0, instance:testrunner.Checkout_TestRunner_Excel@1c5920df]" started-at="2023-06-08T16:47:02 IST" name="runScenario" description="Runs Cucumber Scenarios" data-provider="scenarios" finished-at="2023-06-08T16:47:31 IST" duration-ms="29080" status="PASS">
          <params>
            <param index="0">
              <value>
                <![CDATA["validate User enter Income with valid data"]]>
              </value>
            </param>
            <param index="1">
              <value>
                <![CDATA["MagicBricks HomeLoans_check"]]>
              </value>
            </param>
          </params>
          <reporter-output>
          </reporter-output>
        </test-method> <!-- runScenario -->
        <test-method is-config="true" signature="tearDownClass()[pri:0, instance:testrunner.Checkout_TestRunner_Excel@1c5920df]" started-at="2023-06-08T16:47:31 IST" name="tearDownClass" finished-at="2023-06-08T16:47:31 IST" duration-ms="146" status="PASS">
          <reporter-output>
          </reporter-output>
        </test-method> <!-- tearDownClass -->
      </class> <!-- testrunner.Checkout_TestRunner_Excel -->
    </test> <!-- Default test -->
  </suite> <!-- Default suite -->
</testng-results>
